2022-05-11_19-29-32 [restartedMain] INFO  c.c.p.d.PensionDisbursementMicroserviceApplication - Starting PensionDisbursementMicroserviceApplication using Java 18 on DESKTOP-DAC986Q with PID 13308 (C:\Users\Elcot\Downloads\Pension-Management-System\PensionDisbursement-Microservice\target\classes started by Elcot in C:\Users\Elcot\Downloads\Pension-Management-System\PensionDisbursement-Microservice)
2022-05-11_19-29-32 [restartedMain] INFO  c.c.p.d.PensionDisbursementMicroserviceApplication - No active profile set, falling back to default profiles: default
2022-05-11_19-29-32 [background-preinit] INFO  o.h.validator.internal.util.Version - HV000001: Hibernate Validator 6.1.7.Final
2022-05-11_19-29-32 [restartedMain] INFO  o.s.b.d.e.DevToolsPropertyDefaultsPostProcessor - Devtools property defaults active! Set 'spring.devtools.add-properties' to 'false' to disable
2022-05-11_19-29-32 [restartedMain] INFO  o.s.b.d.e.DevToolsPropertyDefaultsPostProcessor - For additional web related logging consider setting the 'logging.level.web' property to 'DEBUG'
2022-05-11_19-29-32 [restartedMain] INFO  o.s.cloud.context.scope.GenericScope - BeanFactory id=818ac150-d1a4-3324-b08b-1698d3456799
2022-05-11_19-29-32 [restartedMain] INFO  o.s.c.s.PostProcessorRegistrationDelegate$BeanPostProcessorChecker - Bean 'com.cts.pension.disbursement.feignclient.AuthorisingClient' of type [org.springframework.cloud.openfeign.FeignClientFactoryBean] is not eligible for getting processed by all BeanPostProcessors (for example: not eligible for auto-proxying)
2022-05-11_19-29-32 [restartedMain] INFO  o.s.c.s.PostProcessorRegistrationDelegate$BeanPostProcessorChecker - Bean 'com.cts.pension.disbursement.feignclient.PensionDisbursementFeignClient' of type [org.springframework.cloud.openfeign.FeignClientFactoryBean] is not eligible for getting processed by all BeanPostProcessors (for example: not eligible for auto-proxying)
2022-05-11_19-29-32 [restartedMain] INFO  o.s.b.w.e.tomcat.TomcatWebServer - Tomcat initialized with port(s): 8300 (http)
2022-05-11_19-29-32 [restartedMain] INFO  o.a.coyote.http11.Http11NioProtocol - Initializing ProtocolHandler ["http-nio-8300"]
2022-05-11_19-29-32 [restartedMain] INFO  o.a.catalina.core.StandardService - Starting service [Tomcat]
2022-05-11_19-29-32 [restartedMain] INFO  o.a.catalina.core.StandardEngine - Starting Servlet engine: [Apache Tomcat/9.0.41]
2022-05-11_19-29-32 [restartedMain] INFO  o.a.c.c.C.[.[.[/disbursement] - Initializing Spring embedded WebApplicationContext
2022-05-11_19-29-32 [restartedMain] INFO  o.s.b.w.s.c.ServletWebServerApplicationContext - Root WebApplicationContext: initialization completed in 25879 ms
2022-05-11_19-29-32 [restartedMain] INFO  o.s.b.d.a.OptionalLiveReloadServer - LiveReload server is running on port 35729
2022-05-11_19-29-32 [restartedMain] INFO  o.s.b.a.e.web.EndpointLinksResolver - Exposing 2 endpoint(s) beneath base path '/actuator'
2022-05-11_19-29-32 [restartedMain] INFO  s.d.s.w.PropertySourcedRequestMappingHandlerMapping - Mapped URL path [/v2/api-docs] onto method [springfox.documentation.swagger2.web.Swagger2Controller#getDocumentation(String, HttpServletRequest)]
2022-05-11_19-29-32 [restartedMain] INFO  o.s.s.c.ThreadPoolTaskExecutor - Initializing ExecutorService 'applicationTaskExecutor'
2022-05-11_19-29-32 [restartedMain] INFO  o.a.coyote.http11.Http11NioProtocol - Starting ProtocolHandler ["http-nio-8300"]
2022-05-11_19-29-32 [restartedMain] INFO  o.s.b.w.e.tomcat.TomcatWebServer - Tomcat started on port(s): 8300 (http) with context path '/disbursement'
2022-05-11_19-29-32 [restartedMain] INFO  s.d.s.w.p.DocumentationPluginsBootstrapper - Context refreshed
2022-05-11_19-29-32 [restartedMain] INFO  s.d.s.w.p.DocumentationPluginsBootstrapper - Found 1 custom documentation plugin(s)
2022-05-11_19-29-32 [restartedMain] INFO  s.d.s.w.s.ApiListingReferenceScanner - Scanning for api listing references
2022-05-11_19-29-32 [restartedMain] INFO  s.d.s.w.r.o.CachingOperationNameGenerator - Generating unique operation named: handleUsingGET_1
2022-05-11_19-29-32 [restartedMain] INFO  s.d.s.w.r.o.CachingOperationNameGenerator - Generating unique operation named: handleUsingGET_2
2022-05-11_19-29-32 [restartedMain] INFO  c.c.p.d.PensionDisbursementMicroserviceApplication - Started PensionDisbursementMicroserviceApplication in 57.73 seconds (JVM running for 63.114)
2022-05-11_21-49-43 [restartedMain] INFO  c.p.d.PensionDisbursementMicroserviceApplication - Starting PensionDisbursementMicroserviceApplication using Java 18 on DESKTOP-DAC986Q with PID 5764 (C:\Users\Elcot\Downloads\Pension-Management-System\PensionDisbursement-Microservice\target\classes started by Elcot in C:\Users\Elcot\Downloads\Pension-Management-System\PensionDisbursement-Microservice)
2022-05-11_21-49-43 [restartedMain] INFO  c.p.d.PensionDisbursementMicroserviceApplication - No active profile set, falling back to default profiles: default
2022-05-11_21-49-43 [restartedMain] INFO  o.s.b.d.e.DevToolsPropertyDefaultsPostProcessor - Devtools property defaults active! Set 'spring.devtools.add-properties' to 'false' to disable
2022-05-11_21-49-43 [restartedMain] INFO  o.s.b.d.e.DevToolsPropertyDefaultsPostProcessor - For additional web related logging consider setting the 'logging.level.web' property to 'DEBUG'
2022-05-11_21-49-43 [background-preinit] INFO  o.h.validator.internal.util.Version - HV000001: Hibernate Validator 6.1.7.Final
2022-05-11_21-49-43 [restartedMain] INFO  o.s.cloud.context.scope.GenericScope - BeanFactory id=310722e4-52e9-3b1a-8fc2-d9d214c0f21d
2022-05-11_21-49-43 [restartedMain] INFO  o.s.c.s.PostProcessorRegistrationDelegate$BeanPostProcessorChecker - Bean 'com.pension.disbursement.feignclient.AuthorisingClient' of type [org.springframework.cloud.openfeign.FeignClientFactoryBean] is not eligible for getting processed by all BeanPostProcessors (for example: not eligible for auto-proxying)
2022-05-11_21-49-43 [restartedMain] INFO  o.s.c.s.PostProcessorRegistrationDelegate$BeanPostProcessorChecker - Bean 'com.pension.disbursement.feignclient.PensionDisbursementFeignClient' of type [org.springframework.cloud.openfeign.FeignClientFactoryBean] is not eligible for getting processed by all BeanPostProcessors (for example: not eligible for auto-proxying)
2022-05-11_21-49-43 [restartedMain] INFO  o.s.b.w.e.tomcat.TomcatWebServer - Tomcat initialized with port(s): 8300 (http)
2022-05-11_21-49-43 [restartedMain] INFO  o.a.coyote.http11.Http11NioProtocol - Initializing ProtocolHandler ["http-nio-8300"]
2022-05-11_21-49-43 [restartedMain] INFO  o.a.catalina.core.StandardService - Starting service [Tomcat]
2022-05-11_21-49-43 [restartedMain] INFO  o.a.catalina.core.StandardEngine - Starting Servlet engine: [Apache Tomcat/9.0.41]
2022-05-11_21-49-43 [restartedMain] INFO  o.a.c.c.C.[.[.[/disbursement] - Initializing Spring embedded WebApplicationContext
2022-05-11_21-49-43 [restartedMain] INFO  o.s.b.w.s.c.ServletWebServerApplicationContext - Root WebApplicationContext: initialization completed in 16798 ms
2022-05-11_21-49-43 [restartedMain] INFO  o.s.b.a.e.web.EndpointLinksResolver - Exposing 2 endpoint(s) beneath base path '/actuator'
2022-05-11_21-49-43 [restartedMain] INFO  s.d.s.w.PropertySourcedRequestMappingHandlerMapping - Mapped URL path [/v2/api-docs] onto method [springfox.documentation.swagger2.web.Swagger2Controller#getDocumentation(String, HttpServletRequest)]
2022-05-11_21-49-43 [restartedMain] INFO  o.s.s.c.ThreadPoolTaskExecutor - Initializing ExecutorService 'applicationTaskExecutor'
2022-05-11_21-49-43 [restartedMain] INFO  o.a.coyote.http11.Http11NioProtocol - Starting ProtocolHandler ["http-nio-8300"]
2022-05-11_21-49-43 [restartedMain] INFO  o.s.b.w.e.tomcat.TomcatWebServer - Tomcat started on port(s): 8300 (http) with context path '/disbursement'
2022-05-11_21-49-43 [restartedMain] INFO  s.d.s.w.p.DocumentationPluginsBootstrapper - Context refreshed
2022-05-11_21-49-43 [restartedMain] INFO  s.d.s.w.p.DocumentationPluginsBootstrapper - Found 1 custom documentation plugin(s)
2022-05-11_21-49-43 [restartedMain] INFO  s.d.s.w.s.ApiListingReferenceScanner - Scanning for api listing references
2022-05-11_21-49-43 [restartedMain] INFO  s.d.s.w.r.o.CachingOperationNameGenerator - Generating unique operation named: handleUsingGET_1
2022-05-11_21-49-43 [restartedMain] INFO  s.d.s.w.r.o.CachingOperationNameGenerator - Generating unique operation named: handleUsingGET_2
2022-05-11_21-49-43 [restartedMain] INFO  c.p.d.PensionDisbursementMicroserviceApplication - Started PensionDisbursementMicroserviceApplication in 35.04 seconds (JVM running for 38.454)
2022-05-11_21-49-43 [http-nio-8300-exec-1] INFO  o.a.c.c.C.[.[.[/disbursement] - Initializing Spring DispatcherServlet 'dispatcherServlet'
2022-05-11_21-49-43 [http-nio-8300-exec-1] INFO  o.s.web.servlet.DispatcherServlet - Initializing Servlet 'dispatcherServlet'
2022-05-11_21-49-43 [http-nio-8300-exec-1] INFO  o.s.web.servlet.DispatcherServlet - Completed initialization in 74 ms
2022-05-11_21-49-43 [Thread-1] INFO  o.s.s.c.ThreadPoolTaskExecutor - Shutting down ExecutorService 'applicationTaskExecutor'
2022-05-11_22-19-47 [restartedMain] INFO  c.p.d.PensionDisbursementMicroserviceApplication - Starting PensionDisbursementMicroserviceApplication using Java 18 on DESKTOP-DAC986Q with PID 1964 (C:\Users\Elcot\Downloads\Pension-Management-System\PensionDisbursement-Microservice\target\classes started by Elcot in C:\Users\Elcot\Downloads\Pension-Management-System\PensionDisbursement-Microservice)
2022-05-11_22-19-47 [restartedMain] INFO  c.p.d.PensionDisbursementMicroserviceApplication - No active profile set, falling back to default profiles: default
2022-05-11_22-19-47 [restartedMain] INFO  o.s.b.d.e.DevToolsPropertyDefaultsPostProcessor - Devtools property defaults active! Set 'spring.devtools.add-properties' to 'false' to disable
2022-05-11_22-19-47 [restartedMain] INFO  o.s.b.d.e.DevToolsPropertyDefaultsPostProcessor - For additional web related logging consider setting the 'logging.level.web' property to 'DEBUG'
2022-05-11_22-19-47 [background-preinit] INFO  o.h.validator.internal.util.Version - HV000001: Hibernate Validator 6.1.7.Final
2022-05-11_22-19-47 [restartedMain] INFO  o.s.cloud.context.scope.GenericScope - BeanFactory id=310722e4-52e9-3b1a-8fc2-d9d214c0f21d
2022-05-11_22-19-47 [restartedMain] INFO  o.s.c.s.PostProcessorRegistrationDelegate$BeanPostProcessorChecker - Bean 'com.pension.disbursement.feignclient.AuthorisingClient' of type [org.springframework.cloud.openfeign.FeignClientFactoryBean] is not eligible for getting processed by all BeanPostProcessors (for example: not eligible for auto-proxying)
2022-05-11_22-19-47 [restartedMain] INFO  o.s.c.s.PostProcessorRegistrationDelegate$BeanPostProcessorChecker - Bean 'com.pension.disbursement.feignclient.PensionDisbursementFeignClient' of type [org.springframework.cloud.openfeign.FeignClientFactoryBean] is not eligible for getting processed by all BeanPostProcessors (for example: not eligible for auto-proxying)
2022-05-11_22-20-27 [restartedMain] INFO  c.p.d.PensionDisbursementMicroserviceApplication - Starting PensionDisbursementMicroserviceApplication using Java 18 on DESKTOP-DAC986Q with PID 5764 (C:\Users\Elcot\Downloads\Pension-Management-System\PensionDisbursement-Microservice\target\classes started by Elcot in C:\Users\Elcot\Downloads\Pension-Management-System\PensionDisbursement-Microservice)
2022-05-11_22-20-27 [restartedMain] INFO  c.p.d.PensionDisbursementMicroserviceApplication - No active profile set, falling back to default profiles: default
2022-05-11_22-19-47 [restartedMain] INFO  o.s.b.w.e.tomcat.TomcatWebServer - Tomcat initialized with port(s): 7000 (http)
2022-05-11_22-19-47 [restartedMain] INFO  o.a.coyote.http11.Http11NioProtocol - Initializing ProtocolHandler ["http-nio-7000"]
2022-05-11_22-19-47 [restartedMain] INFO  o.a.catalina.core.StandardService - Starting service [Tomcat]
2022-05-11_22-19-47 [restartedMain] INFO  o.a.catalina.core.StandardEngine - Starting Servlet engine: [Apache Tomcat/9.0.41]
2022-05-11_22-19-47 [restartedMain] INFO  o.a.c.c.C.[.[.[/disbursement] - Initializing Spring embedded WebApplicationContext
2022-05-11_22-19-47 [restartedMain] INFO  o.s.b.w.s.c.ServletWebServerApplicationContext - Root WebApplicationContext: initialization completed in 49395 ms
2022-05-11_22-20-27 [restartedMain] INFO  o.s.cloud.context.scope.GenericScope - BeanFactory id=310722e4-52e9-3b1a-8fc2-d9d214c0f21d
2022-05-11_22-20-27 [restartedMain] INFO  o.s.c.s.PostProcessorRegistrationDelegate$BeanPostProcessorChecker - Bean 'com.pension.disbursement.feignclient.AuthorisingClient' of type [org.springframework.cloud.openfeign.FeignClientFactoryBean] is not eligible for getting processed by all BeanPostProcessors (for example: not eligible for auto-proxying)
2022-05-11_22-20-27 [restartedMain] INFO  o.s.c.s.PostProcessorRegistrationDelegate$BeanPostProcessorChecker - Bean 'com.pension.disbursement.feignclient.PensionDisbursementFeignClient' of type [org.springframework.cloud.openfeign.FeignClientFactoryBean] is not eligible for getting processed by all BeanPostProcessors (for example: not eligible for auto-proxying)
2022-05-11_22-20-27 [restartedMain] INFO  o.s.b.w.e.tomcat.TomcatWebServer - Tomcat initialized with port(s): 7000 (http)
2022-05-11_22-20-27 [restartedMain] INFO  o.a.coyote.http11.Http11NioProtocol - Initializing ProtocolHandler ["http-nio-7000"]
2022-05-11_22-20-27 [restartedMain] INFO  o.a.catalina.core.StandardService - Starting service [Tomcat]
2022-05-11_22-20-27 [restartedMain] INFO  o.a.catalina.core.StandardEngine - Starting Servlet engine: [Apache Tomcat/9.0.41]
2022-05-11_22-20-27 [restartedMain] INFO  o.a.c.c.C.[.[.[/disbursement] - Initializing Spring embedded WebApplicationContext
2022-05-11_22-20-27 [restartedMain] INFO  o.s.b.w.s.c.ServletWebServerApplicationContext - Root WebApplicationContext: initialization completed in 18587 ms
2022-05-11_22-20-27 [restartedMain] INFO  o.s.b.a.e.web.EndpointLinksResolver - Exposing 2 endpoint(s) beneath base path '/actuator'
2022-05-11_22-20-27 [restartedMain] INFO  s.d.s.w.PropertySourcedRequestMappingHandlerMapping - Mapped URL path [/v2/api-docs] onto method [springfox.documentation.swagger2.web.Swagger2Controller#getDocumentation(String, HttpServletRequest)]
2022-05-11_22-20-27 [restartedMain] INFO  o.s.s.c.ThreadPoolTaskExecutor - Initializing ExecutorService 'applicationTaskExecutor'
2022-05-11_22-20-27 [restartedMain] INFO  o.a.coyote.http11.Http11NioProtocol - Starting ProtocolHandler ["http-nio-7000"]
2022-05-11_22-20-27 [restartedMain] INFO  o.s.b.w.e.tomcat.TomcatWebServer - Tomcat started on port(s): 7000 (http) with context path '/disbursement'
2022-05-11_22-20-27 [restartedMain] INFO  s.d.s.w.p.DocumentationPluginsBootstrapper - Context refreshed
2022-05-11_22-20-27 [restartedMain] INFO  s.d.s.w.p.DocumentationPluginsBootstrapper - Found 1 custom documentation plugin(s)
2022-05-11_22-20-27 [restartedMain] INFO  s.d.s.w.s.ApiListingReferenceScanner - Scanning for api listing references
2022-05-11_22-20-27 [restartedMain] INFO  s.d.s.w.r.o.CachingOperationNameGenerator - Generating unique operation named: handleUsingGET_1
2022-05-11_22-20-27 [restartedMain] INFO  s.d.s.w.r.o.CachingOperationNameGenerator - Generating unique operation named: handleUsingGET_2
2022-05-11_22-20-27 [restartedMain] INFO  c.p.d.PensionDisbursementMicroserviceApplication - Started PensionDisbursementMicroserviceApplication in 50.948 seconds (JVM running for 1897.196)
2022-05-11_22-20-27 [restartedMain] INFO  o.s.b.d.a.ConditionEvaluationDeltaLoggingListener - Condition evaluation unchanged
2022-05-11_22-20-27 [Thread-8] INFO  o.s.s.c.ThreadPoolTaskExecutor - Shutting down ExecutorService 'applicationTaskExecutor'
2022-05-11_22-19-47 [restartedMain] INFO  o.s.b.a.e.web.EndpointLinksResolver - Exposing 2 endpoint(s) beneath base path '/actuator'
2022-05-11_22-21-18 [restartedMain] INFO  c.p.d.PensionDisbursementMicroserviceApplication - Starting PensionDisbursementMicroserviceApplication using Java 18 on DESKTOP-DAC986Q with PID 5764 (C:\Users\Elcot\Downloads\Pension-Management-System\PensionDisbursement-Microservice\target\classes started by Elcot in C:\Users\Elcot\Downloads\Pension-Management-System\PensionDisbursement-Microservice)
2022-05-11_22-21-18 [restartedMain] INFO  c.p.d.PensionDisbursementMicroserviceApplication - No active profile set, falling back to default profiles: default
2022-05-11_22-19-47 [restartedMain] INFO  s.d.s.w.PropertySourcedRequestMappingHandlerMapping - Mapped URL path [/v2/api-docs] onto method [springfox.documentation.swagger2.web.Swagger2Controller#getDocumentation(String, HttpServletRequest)]
2022-05-11_22-19-47 [restartedMain] INFO  o.s.s.c.ThreadPoolTaskExecutor - Initializing ExecutorService 'applicationTaskExecutor'
2022-05-11_22-19-47 [restartedMain] INFO  o.a.coyote.http11.Http11NioProtocol - Starting ProtocolHandler ["http-nio-7000"]
2022-05-11_22-19-47 [restartedMain] INFO  o.s.b.w.e.tomcat.TomcatWebServer - Tomcat started on port(s): 7000 (http) with context path '/disbursement'
2022-05-11_22-21-18 [restartedMain] INFO  o.s.cloud.context.scope.GenericScope - BeanFactory id=310722e4-52e9-3b1a-8fc2-d9d214c0f21d
2022-05-11_22-21-18 [restartedMain] INFO  o.s.c.s.PostProcessorRegistrationDelegate$BeanPostProcessorChecker - Bean 'com.pension.disbursement.feignclient.AuthorisingClient' of type [org.springframework.cloud.openfeign.FeignClientFactoryBean] is not eligible for getting processed by all BeanPostProcessors (for example: not eligible for auto-proxying)
2022-05-11_22-21-18 [restartedMain] INFO  o.s.c.s.PostProcessorRegistrationDelegate$BeanPostProcessorChecker - Bean 'com.pension.disbursement.feignclient.PensionDisbursementFeignClient' of type [org.springframework.cloud.openfeign.FeignClientFactoryBean] is not eligible for getting processed by all BeanPostProcessors (for example: not eligible for auto-proxying)
2022-05-11_22-19-47 [restartedMain] INFO  s.d.s.w.p.DocumentationPluginsBootstrapper - Context refreshed
2022-05-11_22-21-18 [restartedMain] INFO  o.s.b.w.e.tomcat.TomcatWebServer - Tomcat initialized with port(s): 7000 (http)
2022-05-11_22-21-18 [restartedMain] INFO  o.a.coyote.http11.Http11NioProtocol - Initializing ProtocolHandler ["http-nio-7000"]
2022-05-11_22-21-18 [restartedMain] INFO  o.a.catalina.core.StandardService - Starting service [Tomcat]
2022-05-11_22-21-18 [restartedMain] INFO  o.a.catalina.core.StandardEngine - Starting Servlet engine: [Apache Tomcat/9.0.41]
2022-05-11_22-21-18 [restartedMain] INFO  o.a.c.c.C.[.[.[/disbursement] - Initializing Spring embedded WebApplicationContext
2022-05-11_22-21-18 [restartedMain] INFO  o.s.b.w.s.c.ServletWebServerApplicationContext - Root WebApplicationContext: initialization completed in 9895 ms
2022-05-11_22-19-47 [restartedMain] INFO  s.d.s.w.p.DocumentationPluginsBootstrapper - Found 1 custom documentation plugin(s)
2022-05-11_22-19-47 [restartedMain] INFO  s.d.s.w.s.ApiListingReferenceScanner - Scanning for api listing references
2022-05-11_22-21-18 [restartedMain] INFO  o.s.b.a.e.web.EndpointLinksResolver - Exposing 2 endpoint(s) beneath base path '/actuator'
2022-05-11_22-21-18 [restartedMain] INFO  s.d.s.w.PropertySourcedRequestMappingHandlerMapping - Mapped URL path [/v2/api-docs] onto method [springfox.documentation.swagger2.web.Swagger2Controller#getDocumentation(String, HttpServletRequest)]
2022-05-11_22-21-18 [restartedMain] INFO  o.s.s.c.ThreadPoolTaskExecutor - Initializing ExecutorService 'applicationTaskExecutor'
2022-05-11_22-19-47 [restartedMain] INFO  s.d.s.w.r.o.CachingOperationNameGenerator - Generating unique operation named: handleUsingGET_1
2022-05-11_22-19-47 [restartedMain] INFO  s.d.s.w.r.o.CachingOperationNameGenerator - Generating unique operation named: handleUsingGET_2
2022-05-11_22-21-18 [restartedMain] INFO  o.a.coyote.http11.Http11NioProtocol - Starting ProtocolHandler ["http-nio-7000"]
2022-05-11_22-21-18 [restartedMain] INFO  o.s.s.c.ThreadPoolTaskExecutor - Shutting down ExecutorService 'applicationTaskExecutor'
2022-05-11_22-21-18 [restartedMain] INFO  o.a.coyote.http11.Http11NioProtocol - Pausing ProtocolHandler ["http-nio-7000"]
2022-05-11_22-21-18 [restartedMain] INFO  o.a.catalina.core.StandardService - Stopping service [Tomcat]
2022-05-11_22-21-18 [restartedMain] INFO  o.a.coyote.http11.Http11NioProtocol - Stopping ProtocolHandler ["http-nio-7000"]
2022-05-11_22-21-18 [restartedMain] INFO  o.a.coyote.http11.Http11NioProtocol - Destroying ProtocolHandler ["http-nio-7000"]
2022-05-11_22-21-18 [restartedMain] INFO  o.s.b.a.l.ConditionEvaluationReportLoggingListener - 

Error starting ApplicationContext. To display the conditions report re-run your application with 'debug' enabled.
2022-05-11_22-19-47 [restartedMain] INFO  c.p.d.PensionDisbursementMicroserviceApplication - Started PensionDisbursementMicroserviceApplication in 112.521 seconds (JVM running for 134.925)
2022-05-11_22-24-18 [background-preinit] INFO  o.h.validator.internal.util.Version - HV000001: Hibernate Validator 6.1.7.Final
2022-05-11_22-24-18 [restartedMain] INFO  c.p.d.PensionDisbursementMicroserviceApplication - Starting PensionDisbursementMicroserviceApplication using Java 18 on DESKTOP-DAC986Q with PID 988 (C:\Users\Elcot\Downloads\Pension-Management-System\PensionDisbursement-Microservice\target\classes started by Elcot in C:\Users\Elcot\Downloads\Pension-Management-System\PensionDisbursement-Microservice)
2022-05-11_22-24-18 [restartedMain] INFO  c.p.d.PensionDisbursementMicroserviceApplication - No active profile set, falling back to default profiles: default
2022-05-11_22-24-18 [restartedMain] INFO  o.s.b.d.e.DevToolsPropertyDefaultsPostProcessor - Devtools property defaults active! Set 'spring.devtools.add-properties' to 'false' to disable
2022-05-11_22-24-18 [restartedMain] INFO  o.s.b.d.e.DevToolsPropertyDefaultsPostProcessor - For additional web related logging consider setting the 'logging.level.web' property to 'DEBUG'
2022-05-11_22-24-18 [restartedMain] INFO  o.s.cloud.context.scope.GenericScope - BeanFactory id=310722e4-52e9-3b1a-8fc2-d9d214c0f21d
2022-05-11_22-24-18 [restartedMain] INFO  o.s.c.s.PostProcessorRegistrationDelegate$BeanPostProcessorChecker - Bean 'com.pension.disbursement.feignclient.AuthorisingClient' of type [org.springframework.cloud.openfeign.FeignClientFactoryBean] is not eligible for getting processed by all BeanPostProcessors (for example: not eligible for auto-proxying)
2022-05-11_22-24-18 [restartedMain] INFO  o.s.c.s.PostProcessorRegistrationDelegate$BeanPostProcessorChecker - Bean 'com.pension.disbursement.feignclient.PensionDisbursementFeignClient' of type [org.springframework.cloud.openfeign.FeignClientFactoryBean] is not eligible for getting processed by all BeanPostProcessors (for example: not eligible for auto-proxying)
2022-05-11_22-24-18 [restartedMain] INFO  o.s.b.w.e.tomcat.TomcatWebServer - Tomcat initialized with port(s): 7000 (http)
2022-05-11_22-24-18 [restartedMain] INFO  o.a.coyote.http11.Http11NioProtocol - Initializing ProtocolHandler ["http-nio-7000"]
2022-05-11_22-24-18 [restartedMain] INFO  o.a.catalina.core.StandardService - Starting service [Tomcat]
2022-05-11_22-24-18 [restartedMain] INFO  o.a.catalina.core.StandardEngine - Starting Servlet engine: [Apache Tomcat/9.0.41]
2022-05-11_22-24-18 [restartedMain] INFO  o.a.c.c.C.[.[.[/disbursement] - Initializing Spring embedded WebApplicationContext
2022-05-11_22-24-18 [restartedMain] INFO  o.s.b.w.s.c.ServletWebServerApplicationContext - Root WebApplicationContext: initialization completed in 10634 ms
2022-05-11_22-24-18 [restartedMain] INFO  o.s.b.a.e.web.EndpointLinksResolver - Exposing 2 endpoint(s) beneath base path '/actuator'
2022-05-11_22-24-18 [restartedMain] INFO  s.d.s.w.PropertySourcedRequestMappingHandlerMapping - Mapped URL path [/v2/api-docs] onto method [springfox.documentation.swagger2.web.Swagger2Controller#getDocumentation(String, HttpServletRequest)]
2022-05-11_22-24-18 [restartedMain] INFO  o.s.s.c.ThreadPoolTaskExecutor - Initializing ExecutorService 'applicationTaskExecutor'
2022-05-11_22-24-18 [restartedMain] INFO  o.a.coyote.http11.Http11NioProtocol - Starting ProtocolHandler ["http-nio-7000"]
2022-05-11_22-24-18 [restartedMain] INFO  o.s.b.w.e.tomcat.TomcatWebServer - Tomcat started on port(s): 7000 (http) with context path '/disbursement'
2022-05-11_22-24-18 [restartedMain] INFO  s.d.s.w.p.DocumentationPluginsBootstrapper - Context refreshed
2022-05-11_22-24-18 [restartedMain] INFO  s.d.s.w.p.DocumentationPluginsBootstrapper - Found 1 custom documentation plugin(s)
2022-05-11_22-24-18 [restartedMain] INFO  s.d.s.w.s.ApiListingReferenceScanner - Scanning for api listing references
2022-05-11_22-24-18 [restartedMain] INFO  s.d.s.w.r.o.CachingOperationNameGenerator - Generating unique operation named: handleUsingGET_1
2022-05-11_22-24-18 [restartedMain] INFO  s.d.s.w.r.o.CachingOperationNameGenerator - Generating unique operation named: handleUsingGET_2
2022-05-11_22-24-18 [restartedMain] INFO  c.p.d.PensionDisbursementMicroserviceApplication - Started PensionDisbursementMicroserviceApplication in 18.338 seconds (JVM running for 20.84)
2022-05-11_22-24-18 [http-nio-7000-exec-2] INFO  o.a.c.c.C.[.[.[/disbursement] - Initializing Spring DispatcherServlet 'dispatcherServlet'
2022-05-11_22-24-18 [http-nio-7000-exec-2] INFO  o.s.web.servlet.DispatcherServlet - Initializing Servlet 'dispatcherServlet'
2022-05-11_22-24-18 [http-nio-7000-exec-2] INFO  o.s.web.servlet.DispatcherServlet - Completed initialization in 4 ms
2022-05-11_23-09-57 [main] INFO  o.s.b.t.c.SpringBootTestContextBootstrapper - Neither @ContextConfiguration nor @ContextHierarchy found for test class [com.pension.disbursement.exception.PensionDisbursementExceptionTest], using SpringBootContextLoader
2022-05-11_23-09-57 [main] INFO  o.s.t.c.s.AbstractContextLoader - Could not detect default resource locations for test class [com.pension.disbursement.exception.PensionDisbursementExceptionTest]: no resource found for suffixes {-context.xml, Context.groovy}.
2022-05-11_23-09-57 [main] INFO  o.s.t.c.s.AnnotationConfigContextLoaderUtils - Could not detect default configuration classes for test class [com.pension.disbursement.exception.PensionDisbursementExceptionTest]: PensionDisbursementExceptionTest does not declare any static, non-private, non-final, nested classes annotated with @Configuration.
2022-05-11_23-09-57 [main] INFO  o.s.b.t.c.SpringBootTestContextBootstrapper - Found @SpringBootConfiguration com.pension.disbursement.PensionDisbursementMicroserviceApplication for test class com.pension.disbursement.exception.PensionDisbursementExceptionTest
2022-05-11_23-09-57 [main] INFO  o.s.b.t.c.SpringBootTestContextBootstrapper - Loaded default TestExecutionListener class names from location [META-INF/spring.factories]: [org.springframework.boot.test.mock.mockito.MockitoTestExecutionListener, org.springframework.boot.test.mock.mockito.ResetMocksTestExecutionListener, org.springframework.boot.test.autoconfigure.restdocs.RestDocsTestExecutionListener, org.springframework.boot.test.autoconfigure.web.client.MockRestServiceServerResetTestExecutionListener, org.springframework.boot.test.autoconfigure.web.servlet.MockMvcPrintOnlyOnFailureTestExecutionListener, org.springframework.boot.test.autoconfigure.web.servlet.WebDriverTestExecutionListener, org.springframework.boot.test.autoconfigure.webservices.client.MockWebServiceServerTestExecutionListener, org.springframework.test.context.web.ServletTestExecutionListener, org.springframework.test.context.support.DirtiesContextBeforeModesTestExecutionListener, org.springframework.test.context.event.ApplicationEventsTestExecutionListener, org.springframework.test.context.support.DependencyInjectionTestExecutionListener, org.springframework.test.context.support.DirtiesContextTestExecutionListener, org.springframework.test.context.transaction.TransactionalTestExecutionListener, org.springframework.test.context.jdbc.SqlScriptsTestExecutionListener, org.springframework.test.context.event.EventPublishingTestExecutionListener]
2022-05-11_23-09-57 [main] INFO  o.s.b.t.c.SpringBootTestContextBootstrapper - Using TestExecutionListeners: [org.springframework.test.context.web.ServletTestExecutionListener@18cebaa5, org.springframework.test.context.support.DirtiesContextBeforeModesTestExecutionListener@463b4ac8, org.springframework.test.context.event.ApplicationEventsTestExecutionListener@765f05af, org.springframework.boot.test.mock.mockito.MockitoTestExecutionListener@62f68dff, org.springframework.boot.test.autoconfigure.SpringBootDependencyInjectionTestExecutionListener@f001896, org.springframework.test.context.support.DirtiesContextTestExecutionListener@13f17eb4, org.springframework.test.context.event.EventPublishingTestExecutionListener@1d0d6318, org.springframework.boot.test.mock.mockito.ResetMocksTestExecutionListener@4bc28c33, org.springframework.boot.test.autoconfigure.restdocs.RestDocsTestExecutionListener@4409e975, org.springframework.boot.test.autoconfigure.web.client.MockRestServiceServerResetTestExecutionListener@5c153b9e, org.springframework.boot.test.autoconfigure.web.servlet.MockMvcPrintOnlyOnFailureTestExecutionListener@2a7686a7, org.springframework.boot.test.autoconfigure.web.servlet.WebDriverTestExecutionListener@758a34ce, org.springframework.boot.test.autoconfigure.webservices.client.MockWebServiceServerTestExecutionListener@7ec3394b]
2022-05-11_23-10-00 [main] INFO  c.p.d.e.PensionDisbursementExceptionTest - Starting PensionDisbursementExceptionTest using Java 18 on DESKTOP-DAC986Q with PID 5124 (started by Elcot in C:\Users\Elcot\Downloads\Pension-Management-System\PensionDisbursement-Microservice)
2022-05-11_23-10-00 [main] INFO  c.p.d.e.PensionDisbursementExceptionTest - No active profile set, falling back to default profiles: default
2022-05-11_23-10-00 [background-preinit] INFO  o.h.validator.internal.util.Version - HV000001: Hibernate Validator 6.1.7.Final
2022-05-11_23-10-00 [main] INFO  o.s.cloud.context.scope.GenericScope - BeanFactory id=a72c7d12-38f3-3f9a-80c7-3a4be5b1cd60
2022-05-11_23-10-00 [main] INFO  o.s.c.s.PostProcessorRegistrationDelegate$BeanPostProcessorChecker - Bean 'com.pension.disbursement.feignclient.AuthorisingClient' of type [org.springframework.cloud.openfeign.FeignClientFactoryBean] is not eligible for getting processed by all BeanPostProcessors (for example: not eligible for auto-proxying)
2022-05-11_23-10-00 [main] INFO  o.s.c.s.PostProcessorRegistrationDelegate$BeanPostProcessorChecker - Bean 'com.pension.disbursement.feignclient.PensionDisbursementFeignClient' of type [org.springframework.cloud.openfeign.FeignClientFactoryBean] is not eligible for getting processed by all BeanPostProcessors (for example: not eligible for auto-proxying)
2022-05-11_23-10-00 [main] INFO  o.s.b.a.e.web.EndpointLinksResolver - Exposing 2 endpoint(s) beneath base path '/actuator'
2022-05-11_23-10-00 [main] INFO  s.d.s.w.PropertySourcedRequestMappingHandlerMapping - Mapped URL path [/v2/api-docs] onto method [springfox.documentation.swagger2.web.Swagger2Controller#getDocumentation(String, HttpServletRequest)]
2022-05-11_23-10-00 [main] INFO  o.s.s.c.ThreadPoolTaskExecutor - Initializing ExecutorService 'applicationTaskExecutor'
2022-05-11_23-10-00 [main] INFO  s.d.s.w.p.DocumentationPluginsBootstrapper - Context refreshed
2022-05-11_23-10-00 [main] INFO  s.d.s.w.p.DocumentationPluginsBootstrapper - Found 1 custom documentation plugin(s)
2022-05-11_23-10-00 [main] INFO  s.d.s.w.s.ApiListingReferenceScanner - Scanning for api listing references
2022-05-11_23-10-00 [main] INFO  s.d.s.w.r.o.CachingOperationNameGenerator - Generating unique operation named: handleUsingGET_1
2022-05-11_23-10-00 [main] INFO  s.d.s.w.r.o.CachingOperationNameGenerator - Generating unique operation named: handleUsingGET_2
2022-05-11_23-10-00 [main] INFO  c.p.d.e.PensionDisbursementExceptionTest - Started PensionDisbursementExceptionTest in 17.794 seconds (JVM running for 22.983)
2022-05-11_23-10-00 [main] INFO  o.s.b.t.c.SpringBootTestContextBootstrapper - Neither @ContextConfiguration nor @ContextHierarchy found for test class [com.pension.disbursement.service.PensionDisbursementServiceTest], using SpringBootContextLoader
2022-05-11_23-10-00 [main] INFO  o.s.t.c.s.AbstractContextLoader - Could not detect default resource locations for test class [com.pension.disbursement.service.PensionDisbursementServiceTest]: no resource found for suffixes {-context.xml, Context.groovy}.
2022-05-11_23-10-00 [main] INFO  o.s.t.c.s.AnnotationConfigContextLoaderUtils - Could not detect default configuration classes for test class [com.pension.disbursement.service.PensionDisbursementServiceTest]: PensionDisbursementServiceTest does not declare any static, non-private, non-final, nested classes annotated with @Configuration.
2022-05-11_23-10-00 [main] INFO  o.s.b.t.c.SpringBootTestContextBootstrapper - Found @SpringBootConfiguration com.pension.disbursement.PensionDisbursementMicroserviceApplication for test class com.pension.disbursement.service.PensionDisbursementServiceTest
2022-05-11_23-10-00 [main] INFO  o.s.b.t.c.SpringBootTestContextBootstrapper - Loaded default TestExecutionListener class names from location [META-INF/spring.factories]: [org.springframework.boot.test.mock.mockito.MockitoTestExecutionListener, org.springframework.boot.test.mock.mockito.ResetMocksTestExecutionListener, org.springframework.boot.test.autoconfigure.restdocs.RestDocsTestExecutionListener, org.springframework.boot.test.autoconfigure.web.client.MockRestServiceServerResetTestExecutionListener, org.springframework.boot.test.autoconfigure.web.servlet.MockMvcPrintOnlyOnFailureTestExecutionListener, org.springframework.boot.test.autoconfigure.web.servlet.WebDriverTestExecutionListener, org.springframework.boot.test.autoconfigure.webservices.client.MockWebServiceServerTestExecutionListener, org.springframework.test.context.web.ServletTestExecutionListener, org.springframework.test.context.support.DirtiesContextBeforeModesTestExecutionListener, org.springframework.test.context.event.ApplicationEventsTestExecutionListener, org.springframework.test.context.support.DependencyInjectionTestExecutionListener, org.springframework.test.context.support.DirtiesContextTestExecutionListener, org.springframework.test.context.transaction.TransactionalTestExecutionListener, org.springframework.test.context.jdbc.SqlScriptsTestExecutionListener, org.springframework.test.context.event.EventPublishingTestExecutionListener]
2022-05-11_23-10-00 [main] INFO  o.s.b.t.c.SpringBootTestContextBootstrapper - Using TestExecutionListeners: [org.springframework.test.context.web.ServletTestExecutionListener@33b2ba25, org.springframework.test.context.support.DirtiesContextBeforeModesTestExecutionListener@6ad198c9, org.springframework.test.context.event.ApplicationEventsTestExecutionListener@481bae3f, org.springframework.boot.test.mock.mockito.MockitoTestExecutionListener@6a54aa7a, org.springframework.boot.test.autoconfigure.SpringBootDependencyInjectionTestExecutionListener@4c114687, org.springframework.test.context.support.DirtiesContextTestExecutionListener@2a60981c, org.springframework.test.context.event.EventPublishingTestExecutionListener@3f1fb139, org.springframework.boot.test.mock.mockito.ResetMocksTestExecutionListener@7057dbda, org.springframework.boot.test.autoconfigure.restdocs.RestDocsTestExecutionListener@36349e29, org.springframework.boot.test.autoconfigure.web.client.MockRestServiceServerResetTestExecutionListener@183a508b, org.springframework.boot.test.autoconfigure.web.servlet.MockMvcPrintOnlyOnFailureTestExecutionListener@5aeebccc, org.springframework.boot.test.autoconfigure.web.servlet.WebDriverTestExecutionListener@14293540, org.springframework.boot.test.autoconfigure.webservices.client.MockWebServiceServerTestExecutionListener@6fe243a]
2022-05-11_23-10-00 [main] INFO  o.s.b.t.c.SpringBootTestContextBootstrapper - Neither @ContextConfiguration nor @ContextHierarchy found for test class [com.pension.disbursement.PensionDisbursementMicroserviceApplicationTests], using SpringBootContextLoader
2022-05-11_23-10-00 [main] INFO  o.s.t.c.s.AbstractContextLoader - Could not detect default resource locations for test class [com.pension.disbursement.PensionDisbursementMicroserviceApplicationTests]: no resource found for suffixes {-context.xml, Context.groovy}.
2022-05-11_23-10-00 [main] INFO  o.s.t.c.s.AnnotationConfigContextLoaderUtils - Could not detect default configuration classes for test class [com.pension.disbursement.PensionDisbursementMicroserviceApplicationTests]: PensionDisbursementMicroserviceApplicationTests does not declare any static, non-private, non-final, nested classes annotated with @Configuration.
2022-05-11_23-10-00 [main] INFO  o.s.b.t.c.SpringBootTestContextBootstrapper - Found @SpringBootConfiguration com.pension.disbursement.PensionDisbursementMicroserviceApplication for test class com.pension.disbursement.PensionDisbursementMicroserviceApplicationTests
2022-05-11_23-10-00 [main] INFO  o.s.b.t.c.SpringBootTestContextBootstrapper - Loaded default TestExecutionListener class names from location [META-INF/spring.factories]: [org.springframework.boot.test.mock.mockito.MockitoTestExecutionListener, org.springframework.boot.test.mock.mockito.ResetMocksTestExecutionListener, org.springframework.boot.test.autoconfigure.restdocs.RestDocsTestExecutionListener, org.springframework.boot.test.autoconfigure.web.client.MockRestServiceServerResetTestExecutionListener, org.springframework.boot.test.autoconfigure.web.servlet.MockMvcPrintOnlyOnFailureTestExecutionListener, org.springframework.boot.test.autoconfigure.web.servlet.WebDriverTestExecutionListener, org.springframework.boot.test.autoconfigure.webservices.client.MockWebServiceServerTestExecutionListener, org.springframework.test.context.web.ServletTestExecutionListener, org.springframework.test.context.support.DirtiesContextBeforeModesTestExecutionListener, org.springframework.test.context.event.ApplicationEventsTestExecutionListener, org.springframework.test.context.support.DependencyInjectionTestExecutionListener, org.springframework.test.context.support.DirtiesContextTestExecutionListener, org.springframework.test.context.transaction.TransactionalTestExecutionListener, org.springframework.test.context.jdbc.SqlScriptsTestExecutionListener, org.springframework.test.context.event.EventPublishingTestExecutionListener]
2022-05-11_23-10-00 [main] INFO  o.s.b.t.c.SpringBootTestContextBootstrapper - Using TestExecutionListeners: [org.springframework.test.context.web.ServletTestExecutionListener@627d5f1, org.springframework.test.context.support.DirtiesContextBeforeModesTestExecutionListener@105fe81e, org.springframework.test.context.event.ApplicationEventsTestExecutionListener@af94b0b, org.springframework.boot.test.mock.mockito.MockitoTestExecutionListener@208185c0, org.springframework.boot.test.autoconfigure.SpringBootDependencyInjectionTestExecutionListener@1831447c, org.springframework.test.context.support.DirtiesContextTestExecutionListener@7741507c, org.springframework.test.context.event.EventPublishingTestExecutionListener@37a0fc8c, org.springframework.boot.test.mock.mockito.ResetMocksTestExecutionListener@1ba3c03d, org.springframework.boot.test.autoconfigure.restdocs.RestDocsTestExecutionListener@9a37591, org.springframework.boot.test.autoconfigure.web.client.MockRestServiceServerResetTestExecutionListener@749c0669, org.springframework.boot.test.autoconfigure.web.servlet.MockMvcPrintOnlyOnFailureTestExecutionListener@4468c0ea, org.springframework.boot.test.autoconfigure.web.servlet.WebDriverTestExecutionListener@41cf4272, org.springframework.boot.test.autoconfigure.webservices.client.MockWebServiceServerTestExecutionListener@53d2b827]
2022-05-11_23-10-20 [main] INFO  c.p.d.PensionDisbursementMicroserviceApplication - Starting PensionDisbursementMicroserviceApplication using Java 18 on DESKTOP-DAC986Q with PID 5124 (started by Elcot in C:\Users\Elcot\Downloads\Pension-Management-System\PensionDisbursement-Microservice)
2022-05-11_23-10-20 [main] INFO  c.p.d.PensionDisbursementMicroserviceApplication - No active profile set, falling back to default profiles: default
2022-05-11_23-10-20 [main] INFO  o.s.cloud.context.scope.GenericScope - BeanFactory id=f1145e5b-1a60-3dd7-b46d-0f8352032dda
2022-05-11_23-10-20 [main] INFO  o.s.c.s.PostProcessorRegistrationDelegate$BeanPostProcessorChecker - Bean 'com.pension.disbursement.feignclient.AuthorisingClient' of type [org.springframework.cloud.openfeign.FeignClientFactoryBean] is not eligible for getting processed by all BeanPostProcessors (for example: not eligible for auto-proxying)
2022-05-11_23-10-20 [main] INFO  o.s.c.s.PostProcessorRegistrationDelegate$BeanPostProcessorChecker - Bean 'com.pension.disbursement.feignclient.PensionDisbursementFeignClient' of type [org.springframework.cloud.openfeign.FeignClientFactoryBean] is not eligible for getting processed by all BeanPostProcessors (for example: not eligible for auto-proxying)
2022-05-11_23-10-20 [main] INFO  o.s.b.w.e.tomcat.TomcatWebServer - Tomcat initialized with port(s): 7000 (http)
2022-05-11_23-10-20 [main] INFO  o.a.coyote.http11.Http11NioProtocol - Initializing ProtocolHandler ["http-nio-7000"]
2022-05-11_23-10-20 [main] INFO  o.a.catalina.core.StandardService - Starting service [Tomcat]
2022-05-11_23-10-20 [main] INFO  o.a.catalina.core.StandardEngine - Starting Servlet engine: [Apache Tomcat/9.0.41]
2022-05-11_23-10-20 [main] INFO  o.a.c.c.C.[.[.[/disbursement] - Initializing Spring embedded WebApplicationContext
2022-05-11_23-10-20 [main] INFO  o.s.b.w.s.c.ServletWebServerApplicationContext - Root WebApplicationContext: initialization completed in 2671 ms
2022-05-11_23-10-20 [main] INFO  o.s.b.a.e.web.EndpointLinksResolver - Exposing 2 endpoint(s) beneath base path '/actuator'
2022-05-11_23-10-20 [main] INFO  s.d.s.w.PropertySourcedRequestMappingHandlerMapping - Mapped URL path [/v2/api-docs] onto method [springfox.documentation.swagger2.web.Swagger2Controller#getDocumentation(String, HttpServletRequest)]
2022-05-11_23-10-20 [main] INFO  o.s.s.c.ThreadPoolTaskExecutor - Initializing ExecutorService 'applicationTaskExecutor'
2022-05-11_23-10-20 [main] INFO  o.a.coyote.http11.Http11NioProtocol - Starting ProtocolHandler ["http-nio-7000"]
2022-05-11_23-10-20 [main] INFO  o.s.b.w.e.tomcat.TomcatWebServer - Tomcat started on port(s): 7000 (http) with context path '/disbursement'
2022-05-11_23-10-20 [main] INFO  s.d.s.w.p.DocumentationPluginsBootstrapper - Context refreshed
2022-05-11_23-10-20 [main] INFO  s.d.s.w.p.DocumentationPluginsBootstrapper - Found 1 custom documentation plugin(s)
2022-05-11_23-10-20 [main] INFO  s.d.s.w.s.ApiListingReferenceScanner - Scanning for api listing references
2022-05-11_23-10-20 [main] INFO  s.d.s.w.r.o.CachingOperationNameGenerator - Generating unique operation named: handleUsingGET_1
2022-05-11_23-10-20 [main] INFO  s.d.s.w.r.o.CachingOperationNameGenerator - Generating unique operation named: handleUsingGET_2
2022-05-11_23-10-20 [main] INFO  c.p.d.PensionDisbursementMicroserviceApplication - Started PensionDisbursementMicroserviceApplication in 4.705 seconds (JVM running for 30.878)
2022-05-11_23-10-20 [main] INFO  o.s.b.t.c.SpringBootTestContextBootstrapper - Neither @ContextConfiguration nor @ContextHierarchy found for test class [com.pension.disbursement.controller.PensionDisbursementControllerMethodTest], using SpringBootContextLoader
2022-05-11_23-10-20 [main] INFO  o.s.t.c.s.AbstractContextLoader - Could not detect default resource locations for test class [com.pension.disbursement.controller.PensionDisbursementControllerMethodTest]: no resource found for suffixes {-context.xml, Context.groovy}.
2022-05-11_23-10-20 [main] INFO  o.s.t.c.s.AnnotationConfigContextLoaderUtils - Could not detect default configuration classes for test class [com.pension.disbursement.controller.PensionDisbursementControllerMethodTest]: PensionDisbursementControllerMethodTest does not declare any static, non-private, non-final, nested classes annotated with @Configuration.
2022-05-11_23-10-20 [main] INFO  o.s.b.t.c.SpringBootTestContextBootstrapper - Found @SpringBootConfiguration com.pension.disbursement.PensionDisbursementMicroserviceApplication for test class com.pension.disbursement.controller.PensionDisbursementControllerMethodTest
2022-05-11_23-10-20 [main] INFO  o.s.b.t.c.SpringBootTestContextBootstrapper - Loaded default TestExecutionListener class names from location [META-INF/spring.factories]: [org.springframework.boot.test.mock.mockito.MockitoTestExecutionListener, org.springframework.boot.test.mock.mockito.ResetMocksTestExecutionListener, org.springframework.boot.test.autoconfigure.restdocs.RestDocsTestExecutionListener, org.springframework.boot.test.autoconfigure.web.client.MockRestServiceServerResetTestExecutionListener, org.springframework.boot.test.autoconfigure.web.servlet.MockMvcPrintOnlyOnFailureTestExecutionListener, org.springframework.boot.test.autoconfigure.web.servlet.WebDriverTestExecutionListener, org.springframework.boot.test.autoconfigure.webservices.client.MockWebServiceServerTestExecutionListener, org.springframework.test.context.web.ServletTestExecutionListener, org.springframework.test.context.support.DirtiesContextBeforeModesTestExecutionListener, org.springframework.test.context.event.ApplicationEventsTestExecutionListener, org.springframework.test.context.support.DependencyInjectionTestExecutionListener, org.springframework.test.context.support.DirtiesContextTestExecutionListener, org.springframework.test.context.transaction.TransactionalTestExecutionListener, org.springframework.test.context.jdbc.SqlScriptsTestExecutionListener, org.springframework.test.context.event.EventPublishingTestExecutionListener]
2022-05-11_23-10-20 [main] INFO  o.s.b.t.c.SpringBootTestContextBootstrapper - Using TestExecutionListeners: [org.springframework.test.context.web.ServletTestExecutionListener@6a495d88, org.springframework.test.context.support.DirtiesContextBeforeModesTestExecutionListener@45ea6c24, org.springframework.test.context.event.ApplicationEventsTestExecutionListener@51f31fad, org.springframework.boot.test.mock.mockito.MockitoTestExecutionListener@7976d382, org.springframework.boot.test.autoconfigure.SpringBootDependencyInjectionTestExecutionListener@59f36439, org.springframework.test.context.support.DirtiesContextTestExecutionListener@4feea86f, org.springframework.test.context.event.EventPublishingTestExecutionListener@6a9c848, org.springframework.boot.test.mock.mockito.ResetMocksTestExecutionListener@498cf1dc, org.springframework.boot.test.autoconfigure.restdocs.RestDocsTestExecutionListener@b9c8678, org.springframework.boot.test.autoconfigure.web.client.MockRestServiceServerResetTestExecutionListener@318beab4, org.springframework.boot.test.autoconfigure.web.servlet.MockMvcPrintOnlyOnFailureTestExecutionListener@79a88f45, org.springframework.boot.test.autoconfigure.web.servlet.WebDriverTestExecutionListener@578483bd, org.springframework.boot.test.autoconfigure.webservices.client.MockWebServiceServerTestExecutionListener@38447073]
2022-05-11_23-10-25 [main] INFO  c.p.d.c.PensionDisbursementControllerMethodTest - Starting PensionDisbursementControllerMethodTest using Java 18 on DESKTOP-DAC986Q with PID 5124 (started by Elcot in C:\Users\Elcot\Downloads\Pension-Management-System\PensionDisbursement-Microservice)
2022-05-11_23-10-25 [main] INFO  c.p.d.c.PensionDisbursementControllerMethodTest - No active profile set, falling back to default profiles: default
2022-05-11_23-10-25 [main] INFO  o.s.cloud.context.scope.GenericScope - BeanFactory id=a72c7d12-38f3-3f9a-80c7-3a4be5b1cd60
2022-05-11_23-10-25 [main] INFO  o.s.b.a.e.web.EndpointLinksResolver - Exposing 2 endpoint(s) beneath base path '/actuator'
2022-05-11_23-10-25 [main] INFO  s.d.s.w.PropertySourcedRequestMappingHandlerMapping - Mapped URL path [/v2/api-docs] onto method [springfox.documentation.swagger2.web.Swagger2Controller#getDocumentation(String, HttpServletRequest)]
2022-05-11_23-10-25 [main] INFO  o.s.s.c.ThreadPoolTaskExecutor - Initializing ExecutorService 'applicationTaskExecutor'
2022-05-11_23-10-25 [main] INFO  s.d.s.w.p.DocumentationPluginsBootstrapper - Context refreshed
2022-05-11_23-10-25 [main] INFO  s.d.s.w.p.DocumentationPluginsBootstrapper - Found 1 custom documentation plugin(s)
2022-05-11_23-10-25 [main] INFO  s.d.s.w.s.ApiListingReferenceScanner - Scanning for api listing references
2022-05-11_23-10-25 [main] INFO  s.d.s.w.r.o.CachingOperationNameGenerator - Generating unique operation named: handleUsingGET_1
2022-05-11_23-10-25 [main] INFO  s.d.s.w.r.o.CachingOperationNameGenerator - Generating unique operation named: handleUsingGET_2
2022-05-11_23-10-25 [main] INFO  c.p.d.c.PensionDisbursementControllerMethodTest - Started PensionDisbursementControllerMethodTest in 5.31 seconds (JVM running for 36.501)
2022-05-11_23-10-25 [main] INFO  o.s.b.t.c.SpringBootTestContextBootstrapper - Neither @ContextConfiguration nor @ContextHierarchy found for test class [com.pension.disbursement.controller.PensionDisbursementControllerTest], using SpringBootContextLoader
2022-05-11_23-10-25 [main] INFO  o.s.t.c.s.AbstractContextLoader - Could not detect default resource locations for test class [com.pension.disbursement.controller.PensionDisbursementControllerTest]: no resource found for suffixes {-context.xml, Context.groovy}.
2022-05-11_23-10-25 [main] INFO  o.s.t.c.s.AnnotationConfigContextLoaderUtils - Could not detect default configuration classes for test class [com.pension.disbursement.controller.PensionDisbursementControllerTest]: PensionDisbursementControllerTest does not declare any static, non-private, non-final, nested classes annotated with @Configuration.
2022-05-11_23-10-25 [main] INFO  o.s.b.t.c.SpringBootTestContextBootstrapper - Found @SpringBootConfiguration com.pension.disbursement.PensionDisbursementMicroserviceApplication for test class com.pension.disbursement.controller.PensionDisbursementControllerTest
2022-05-11_23-10-25 [main] INFO  o.s.b.t.c.SpringBootTestContextBootstrapper - Loaded default TestExecutionListener class names from location [META-INF/spring.factories]: [org.springframework.boot.test.mock.mockito.MockitoTestExecutionListener, org.springframework.boot.test.mock.mockito.ResetMocksTestExecutionListener, org.springframework.boot.test.autoconfigure.restdocs.RestDocsTestExecutionListener, org.springframework.boot.test.autoconfigure.web.client.MockRestServiceServerResetTestExecutionListener, org.springframework.boot.test.autoconfigure.web.servlet.MockMvcPrintOnlyOnFailureTestExecutionListener, org.springframework.boot.test.autoconfigure.web.servlet.WebDriverTestExecutionListener, org.springframework.boot.test.autoconfigure.webservices.client.MockWebServiceServerTestExecutionListener, org.springframework.test.context.web.ServletTestExecutionListener, org.springframework.test.context.support.DirtiesContextBeforeModesTestExecutionListener, org.springframework.test.context.event.ApplicationEventsTestExecutionListener, org.springframework.test.context.support.DependencyInjectionTestExecutionListener, org.springframework.test.context.support.DirtiesContextTestExecutionListener, org.springframework.test.context.transaction.TransactionalTestExecutionListener, org.springframework.test.context.jdbc.SqlScriptsTestExecutionListener, org.springframework.test.context.event.EventPublishingTestExecutionListener]
2022-05-11_23-10-25 [main] INFO  o.s.b.t.c.SpringBootTestContextBootstrapper - Using TestExecutionListeners: [org.springframework.test.context.web.ServletTestExecutionListener@4b6575fd, org.springframework.test.context.support.DirtiesContextBeforeModesTestExecutionListener@ecc5101, org.springframework.test.context.event.ApplicationEventsTestExecutionListener@26501edd, org.springframework.boot.test.mock.mockito.MockitoTestExecutionListener@bcde468, org.springframework.boot.test.autoconfigure.SpringBootDependencyInjectionTestExecutionListener@6be7a271, org.springframework.test.context.support.DirtiesContextTestExecutionListener@7cfb255, org.springframework.test.context.event.EventPublishingTestExecutionListener@214fe287, org.springframework.boot.test.mock.mockito.ResetMocksTestExecutionListener@4545ac62, org.springframework.boot.test.autoconfigure.restdocs.RestDocsTestExecutionListener@13e76a91, org.springframework.boot.test.autoconfigure.web.client.MockRestServiceServerResetTestExecutionListener@69c03fa2, org.springframework.boot.test.autoconfigure.web.servlet.MockMvcPrintOnlyOnFailureTestExecutionListener@37c5a3c7, org.springframework.boot.test.autoconfigure.web.servlet.WebDriverTestExecutionListener@5f0b2fe1, org.springframework.boot.test.autoconfigure.webservices.client.MockWebServiceServerTestExecutionListener@77107573]
2022-05-11_23-10-31 [main] INFO  c.p.d.c.PensionDisbursementControllerTest - Starting PensionDisbursementControllerTest using Java 18 on DESKTOP-DAC986Q with PID 5124 (started by Elcot in C:\Users\Elcot\Downloads\Pension-Management-System\PensionDisbursement-Microservice)
2022-05-11_23-10-31 [main] INFO  c.p.d.c.PensionDisbursementControllerTest - No active profile set, falling back to default profiles: default
2022-05-11_23-10-31 [main] INFO  o.s.cloud.context.scope.GenericScope - BeanFactory id=dd8ac87e-2b94-3678-be61-611de84ad880
2022-05-11_23-10-31 [main] INFO  o.s.b.a.e.web.EndpointLinksResolver - Exposing 2 endpoint(s) beneath base path '/actuator'
2022-05-11_23-10-31 [main] INFO  s.d.s.w.PropertySourcedRequestMappingHandlerMapping - Mapped URL path [/v2/api-docs] onto method [springfox.documentation.swagger2.web.Swagger2Controller#getDocumentation(String, HttpServletRequest)]
2022-05-11_23-10-31 [main] INFO  o.s.s.c.ThreadPoolTaskExecutor - Initializing ExecutorService 'applicationTaskExecutor'
2022-05-11_23-10-31 [main] INFO  o.s.b.t.m.w.SpringBootMockServletContext - Initializing Spring TestDispatcherServlet ''
2022-05-11_23-10-31 [main] INFO  o.s.t.w.s.TestDispatcherServlet - Initializing Servlet ''
2022-05-11_23-10-31 [main] INFO  o.s.t.w.s.TestDispatcherServlet - Completed initialization in 2 ms
2022-05-11_23-10-31 [main] INFO  s.d.s.w.p.DocumentationPluginsBootstrapper - Context refreshed
2022-05-11_23-10-31 [main] INFO  s.d.s.w.p.DocumentationPluginsBootstrapper - Found 1 custom documentation plugin(s)
2022-05-11_23-10-31 [main] INFO  s.d.s.w.s.ApiListingReferenceScanner - Scanning for api listing references
2022-05-11_23-10-31 [main] INFO  s.d.s.w.r.o.CachingOperationNameGenerator - Generating unique operation named: handleUsingGET_1
2022-05-11_23-10-31 [main] INFO  s.d.s.w.r.o.CachingOperationNameGenerator - Generating unique operation named: handleUsingGET_2
2022-05-11_23-10-31 [main] INFO  c.p.d.c.PensionDisbursementControllerTest - Started PensionDisbursementControllerTest in 5.967 seconds (JVM running for 42.89)
2022-05-11_23-10-31 [SpringContextShutdownHook] INFO  o.s.s.c.ThreadPoolTaskExecutor - Shutting down ExecutorService 'applicationTaskExecutor'
2022-05-11_23-10-31 [SpringContextShutdownHook] INFO  o.s.s.c.ThreadPoolTaskExecutor - Shutting down ExecutorService 'applicationTaskExecutor'
2022-05-11_23-10-31 [SpringContextShutdownHook] INFO  o.s.s.c.ThreadPoolTaskExecutor - Shutting down ExecutorService 'applicationTaskExecutor'
2022-05-11_23-10-31 [SpringContextShutdownHook] INFO  o.s.s.c.ThreadPoolTaskExecutor - Shutting down ExecutorService 'applicationTaskExecutor'
2022-05-11_23-11-31 [main] INFO  o.s.b.t.c.SpringBootTestContextBootstrapper - Neither @ContextConfiguration nor @ContextHierarchy found for test class [com.pension.disbursement.PensionDisbursementMicroserviceApplicationTests], using SpringBootContextLoader
2022-05-11_23-11-31 [main] INFO  o.s.t.c.s.AbstractContextLoader - Could not detect default resource locations for test class [com.pension.disbursement.PensionDisbursementMicroserviceApplicationTests]: no resource found for suffixes {-context.xml, Context.groovy}.
2022-05-11_23-11-31 [main] INFO  o.s.t.c.s.AnnotationConfigContextLoaderUtils - Could not detect default configuration classes for test class [com.pension.disbursement.PensionDisbursementMicroserviceApplicationTests]: PensionDisbursementMicroserviceApplicationTests does not declare any static, non-private, non-final, nested classes annotated with @Configuration.
2022-05-11_23-11-31 [main] INFO  o.s.b.t.c.SpringBootTestContextBootstrapper - Found @SpringBootConfiguration com.pension.disbursement.PensionDisbursementMicroserviceApplication for test class com.pension.disbursement.PensionDisbursementMicroserviceApplicationTests
2022-05-11_23-11-31 [main] INFO  o.s.b.t.c.SpringBootTestContextBootstrapper - Loaded default TestExecutionListener class names from location [META-INF/spring.factories]: [org.springframework.boot.test.mock.mockito.MockitoTestExecutionListener, org.springframework.boot.test.mock.mockito.ResetMocksTestExecutionListener, org.springframework.boot.test.autoconfigure.restdocs.RestDocsTestExecutionListener, org.springframework.boot.test.autoconfigure.web.client.MockRestServiceServerResetTestExecutionListener, org.springframework.boot.test.autoconfigure.web.servlet.MockMvcPrintOnlyOnFailureTestExecutionListener, org.springframework.boot.test.autoconfigure.web.servlet.WebDriverTestExecutionListener, org.springframework.boot.test.autoconfigure.webservices.client.MockWebServiceServerTestExecutionListener, org.springframework.test.context.web.ServletTestExecutionListener, org.springframework.test.context.support.DirtiesContextBeforeModesTestExecutionListener, org.springframework.test.context.event.ApplicationEventsTestExecutionListener, org.springframework.test.context.support.DependencyInjectionTestExecutionListener, org.springframework.test.context.support.DirtiesContextTestExecutionListener, org.springframework.test.context.transaction.TransactionalTestExecutionListener, org.springframework.test.context.jdbc.SqlScriptsTestExecutionListener, org.springframework.test.context.event.EventPublishingTestExecutionListener]
2022-05-11_23-11-31 [main] INFO  o.s.b.t.c.SpringBootTestContextBootstrapper - Using TestExecutionListeners: [org.springframework.test.context.web.ServletTestExecutionListener@18920cc, org.springframework.test.context.support.DirtiesContextBeforeModesTestExecutionListener@2807bdeb, org.springframework.test.context.event.ApplicationEventsTestExecutionListener@72c28d64, org.springframework.boot.test.mock.mockito.MockitoTestExecutionListener@6492fab5, org.springframework.boot.test.autoconfigure.SpringBootDependencyInjectionTestExecutionListener@2c5529ab, org.springframework.test.context.support.DirtiesContextTestExecutionListener@39a8312f, org.springframework.test.context.event.EventPublishingTestExecutionListener@5f6722d3, org.springframework.boot.test.mock.mockito.ResetMocksTestExecutionListener@2c532cd8, org.springframework.boot.test.autoconfigure.restdocs.RestDocsTestExecutionListener@294e5088, org.springframework.boot.test.autoconfigure.web.client.MockRestServiceServerResetTestExecutionListener@51972dc7, org.springframework.boot.test.autoconfigure.web.servlet.MockMvcPrintOnlyOnFailureTestExecutionListener@3700ec9c, org.springframework.boot.test.autoconfigure.web.servlet.WebDriverTestExecutionListener@2002348, org.springframework.boot.test.autoconfigure.webservices.client.MockWebServiceServerTestExecutionListener@5911e990]
2022-05-11_23-11-35 [main] INFO  c.p.d.PensionDisbursementMicroserviceApplicationTests - Starting PensionDisbursementMicroserviceApplicationTests using Java 18 on DESKTOP-DAC986Q with PID 6656 (started by Elcot in C:\Users\Elcot\Downloads\Pension-Management-System\PensionDisbursement-Microservice)
2022-05-11_23-11-35 [main] INFO  c.p.d.PensionDisbursementMicroserviceApplicationTests - No active profile set, falling back to default profiles: default
2022-05-11_23-11-35 [background-preinit] INFO  o.h.validator.internal.util.Version - HV000001: Hibernate Validator 6.1.7.Final
2022-05-11_23-11-35 [main] INFO  o.s.cloud.context.scope.GenericScope - BeanFactory id=a72c7d12-38f3-3f9a-80c7-3a4be5b1cd60
2022-05-11_23-11-35 [main] INFO  o.s.c.s.PostProcessorRegistrationDelegate$BeanPostProcessorChecker - Bean 'com.pension.disbursement.feignclient.AuthorisingClient' of type [org.springframework.cloud.openfeign.FeignClientFactoryBean] is not eligible for getting processed by all BeanPostProcessors (for example: not eligible for auto-proxying)
2022-05-11_23-11-35 [main] INFO  o.s.c.s.PostProcessorRegistrationDelegate$BeanPostProcessorChecker - Bean 'com.pension.disbursement.feignclient.PensionDisbursementFeignClient' of type [org.springframework.cloud.openfeign.FeignClientFactoryBean] is not eligible for getting processed by all BeanPostProcessors (for example: not eligible for auto-proxying)
2022-05-11_23-11-35 [main] INFO  o.s.b.a.e.web.EndpointLinksResolver - Exposing 2 endpoint(s) beneath base path '/actuator'
2022-05-11_23-11-35 [main] INFO  s.d.s.w.PropertySourcedRequestMappingHandlerMapping - Mapped URL path [/v2/api-docs] onto method [springfox.documentation.swagger2.web.Swagger2Controller#getDocumentation(String, HttpServletRequest)]
2022-05-11_23-11-35 [main] INFO  o.s.s.c.ThreadPoolTaskExecutor - Initializing ExecutorService 'applicationTaskExecutor'
2022-05-11_23-11-35 [main] INFO  s.d.s.w.p.DocumentationPluginsBootstrapper - Context refreshed
2022-05-11_23-11-35 [main] INFO  s.d.s.w.p.DocumentationPluginsBootstrapper - Found 1 custom documentation plugin(s)
2022-05-11_23-11-35 [main] INFO  s.d.s.w.s.ApiListingReferenceScanner - Scanning for api listing references
2022-05-11_23-11-35 [main] INFO  s.d.s.w.r.o.CachingOperationNameGenerator - Generating unique operation named: handleUsingGET_1
2022-05-11_23-11-35 [main] INFO  s.d.s.w.r.o.CachingOperationNameGenerator - Generating unique operation named: handleUsingGET_2
2022-05-11_23-11-35 [main] INFO  c.p.d.PensionDisbursementMicroserviceApplicationTests - Started PensionDisbursementMicroserviceApplicationTests in 18.139 seconds (JVM running for 22.468)
2022-05-11_23-11-55 [main] INFO  c.p.d.PensionDisbursementMicroserviceApplication - Starting PensionDisbursementMicroserviceApplication using Java 18 on DESKTOP-DAC986Q with PID 6656 (started by Elcot in C:\Users\Elcot\Downloads\Pension-Management-System\PensionDisbursement-Microservice)
2022-05-11_23-11-55 [main] INFO  c.p.d.PensionDisbursementMicroserviceApplication - No active profile set, falling back to default profiles: default
2022-05-11_23-11-55 [main] INFO  o.s.cloud.context.scope.GenericScope - BeanFactory id=f1145e5b-1a60-3dd7-b46d-0f8352032dda
2022-05-11_23-11-55 [main] INFO  o.s.c.s.PostProcessorRegistrationDelegate$BeanPostProcessorChecker - Bean 'com.pension.disbursement.feignclient.AuthorisingClient' of type [org.springframework.cloud.openfeign.FeignClientFactoryBean] is not eligible for getting processed by all BeanPostProcessors (for example: not eligible for auto-proxying)
2022-05-11_23-11-55 [main] INFO  o.s.c.s.PostProcessorRegistrationDelegate$BeanPostProcessorChecker - Bean 'com.pension.disbursement.feignclient.PensionDisbursementFeignClient' of type [org.springframework.cloud.openfeign.FeignClientFactoryBean] is not eligible for getting processed by all BeanPostProcessors (for example: not eligible for auto-proxying)
2022-05-11_23-11-55 [main] INFO  o.s.b.w.e.tomcat.TomcatWebServer - Tomcat initialized with port(s): 7000 (http)
2022-05-11_23-11-55 [main] INFO  o.a.coyote.http11.Http11NioProtocol - Initializing ProtocolHandler ["http-nio-7000"]
2022-05-11_23-11-55 [main] INFO  o.a.catalina.core.StandardService - Starting service [Tomcat]
2022-05-11_23-11-55 [main] INFO  o.a.catalina.core.StandardEngine - Starting Servlet engine: [Apache Tomcat/9.0.41]
2022-05-11_23-11-55 [main] INFO  o.a.c.c.C.[.[.[/disbursement] - Initializing Spring embedded WebApplicationContext
2022-05-11_23-11-55 [main] INFO  o.s.b.w.s.c.ServletWebServerApplicationContext - Root WebApplicationContext: initialization completed in 2706 ms
2022-05-11_23-11-55 [main] INFO  o.s.b.a.e.web.EndpointLinksResolver - Exposing 2 endpoint(s) beneath base path '/actuator'
2022-05-11_23-11-55 [main] INFO  s.d.s.w.PropertySourcedRequestMappingHandlerMapping - Mapped URL path [/v2/api-docs] onto method [springfox.documentation.swagger2.web.Swagger2Controller#getDocumentation(String, HttpServletRequest)]
2022-05-11_23-11-55 [main] INFO  o.s.s.c.ThreadPoolTaskExecutor - Initializing ExecutorService 'applicationTaskExecutor'
2022-05-11_23-11-55 [main] INFO  o.a.coyote.http11.Http11NioProtocol - Starting ProtocolHandler ["http-nio-7000"]
2022-05-11_23-11-55 [main] INFO  o.s.b.w.e.tomcat.TomcatWebServer - Tomcat started on port(s): 7000 (http) with context path '/disbursement'
2022-05-11_23-11-55 [main] INFO  s.d.s.w.p.DocumentationPluginsBootstrapper - Context refreshed
2022-05-11_23-11-55 [main] INFO  s.d.s.w.p.DocumentationPluginsBootstrapper - Found 1 custom documentation plugin(s)
2022-05-11_23-11-55 [main] INFO  s.d.s.w.s.ApiListingReferenceScanner - Scanning for api listing references
2022-05-11_23-11-55 [main] INFO  s.d.s.w.r.o.CachingOperationNameGenerator - Generating unique operation named: handleUsingGET_1
2022-05-11_23-11-55 [main] INFO  s.d.s.w.r.o.CachingOperationNameGenerator - Generating unique operation named: handleUsingGET_2
2022-05-11_23-11-55 [main] INFO  c.p.d.PensionDisbursementMicroserviceApplication - Started PensionDisbursementMicroserviceApplication in 5.273 seconds (JVM running for 31.329)
2022-05-11_23-11-55 [SpringContextShutdownHook] INFO  o.s.s.c.ThreadPoolTaskExecutor - Shutting down ExecutorService 'applicationTaskExecutor'
2022-05-11_23-11-55 [SpringContextShutdownHook] INFO  o.s.s.c.ThreadPoolTaskExecutor - Shutting down ExecutorService 'applicationTaskExecutor'
2022-05-11_23-17-24 [restartedMain] INFO  c.p.d.PensionDisbursementMicroserviceApplication - Starting PensionDisbursementMicroserviceApplication using Java 18 on DESKTOP-DAC986Q with PID 2944 (C:\Users\Elcot\Downloads\Pension-Management-System\PensionDisbursement-Microservice\target\classes started by Elcot in C:\Users\Elcot\Downloads\Pension-Management-System\PensionDisbursement-Microservice)
2022-05-11_23-17-24 [restartedMain] INFO  c.p.d.PensionDisbursementMicroserviceApplication - No active profile set, falling back to default profiles: default
2022-05-11_23-17-24 [background-preinit] INFO  o.h.validator.internal.util.Version - HV000001: Hibernate Validator 6.1.7.Final
2022-05-11_23-17-24 [restartedMain] INFO  o.s.b.d.e.DevToolsPropertyDefaultsPostProcessor - Devtools property defaults active! Set 'spring.devtools.add-properties' to 'false' to disable
2022-05-11_23-17-24 [restartedMain] INFO  o.s.b.d.e.DevToolsPropertyDefaultsPostProcessor - For additional web related logging consider setting the 'logging.level.web' property to 'DEBUG'
2022-05-11_23-17-24 [restartedMain] INFO  o.s.cloud.context.scope.GenericScope - BeanFactory id=310722e4-52e9-3b1a-8fc2-d9d214c0f21d
2022-05-11_23-17-24 [restartedMain] INFO  o.s.c.s.PostProcessorRegistrationDelegate$BeanPostProcessorChecker - Bean 'com.pension.disbursement.feignclient.AuthorisingClient' of type [org.springframework.cloud.openfeign.FeignClientFactoryBean] is not eligible for getting processed by all BeanPostProcessors (for example: not eligible for auto-proxying)
2022-05-11_23-17-24 [restartedMain] INFO  o.s.c.s.PostProcessorRegistrationDelegate$BeanPostProcessorChecker - Bean 'com.pension.disbursement.feignclient.PensionDisbursementFeignClient' of type [org.springframework.cloud.openfeign.FeignClientFactoryBean] is not eligible for getting processed by all BeanPostProcessors (for example: not eligible for auto-proxying)
2022-05-11_23-17-24 [restartedMain] INFO  o.s.b.w.e.tomcat.TomcatWebServer - Tomcat initialized with port(s): 7000 (http)
2022-05-11_23-17-24 [restartedMain] INFO  o.a.coyote.http11.Http11NioProtocol - Initializing ProtocolHandler ["http-nio-7000"]
2022-05-11_23-17-24 [restartedMain] INFO  o.a.catalina.core.StandardService - Starting service [Tomcat]
2022-05-11_23-17-24 [restartedMain] INFO  o.a.catalina.core.StandardEngine - Starting Servlet engine: [Apache Tomcat/9.0.41]
2022-05-11_23-17-24 [restartedMain] INFO  o.a.c.c.C.[.[.[/disbursement] - Initializing Spring embedded WebApplicationContext
2022-05-11_23-17-24 [restartedMain] INFO  o.s.b.w.s.c.ServletWebServerApplicationContext - Root WebApplicationContext: initialization completed in 9379 ms
2022-05-11_23-17-24 [restartedMain] INFO  o.s.b.a.e.web.EndpointLinksResolver - Exposing 2 endpoint(s) beneath base path '/actuator'
2022-05-11_23-17-24 [restartedMain] INFO  s.d.s.w.PropertySourcedRequestMappingHandlerMapping - Mapped URL path [/v2/api-docs] onto method [springfox.documentation.swagger2.web.Swagger2Controller#getDocumentation(String, HttpServletRequest)]
2022-05-11_23-17-24 [restartedMain] INFO  o.s.s.c.ThreadPoolTaskExecutor - Initializing ExecutorService 'applicationTaskExecutor'
2022-05-11_23-17-24 [restartedMain] INFO  o.a.coyote.http11.Http11NioProtocol - Starting ProtocolHandler ["http-nio-7000"]
2022-05-11_23-17-24 [restartedMain] INFO  o.s.b.w.e.tomcat.TomcatWebServer - Tomcat started on port(s): 7000 (http) with context path '/disbursement'
2022-05-11_23-17-24 [restartedMain] INFO  s.d.s.w.p.DocumentationPluginsBootstrapper - Context refreshed
2022-05-11_23-17-24 [restartedMain] INFO  s.d.s.w.p.DocumentationPluginsBootstrapper - Found 1 custom documentation plugin(s)
2022-05-11_23-17-24 [restartedMain] INFO  s.d.s.w.s.ApiListingReferenceScanner - Scanning for api listing references
2022-05-11_23-17-24 [restartedMain] INFO  s.d.s.w.r.o.CachingOperationNameGenerator - Generating unique operation named: handleUsingGET_1
2022-05-11_23-17-24 [restartedMain] INFO  s.d.s.w.r.o.CachingOperationNameGenerator - Generating unique operation named: handleUsingGET_2
2022-05-11_23-17-24 [restartedMain] INFO  c.p.d.PensionDisbursementMicroserviceApplication - Started PensionDisbursementMicroserviceApplication in 17.472 seconds (JVM running for 19.878)
2022-05-11_23-17-24 [http-nio-7000-exec-2] INFO  o.a.c.c.C.[.[.[/disbursement] - Initializing Spring DispatcherServlet 'dispatcherServlet'
2022-05-11_23-17-24 [http-nio-7000-exec-2] INFO  o.s.web.servlet.DispatcherServlet - Initializing Servlet 'dispatcherServlet'
2022-05-11_23-17-24 [http-nio-7000-exec-2] INFO  o.s.web.servlet.DispatcherServlet - Completed initialization in 77 ms
2022-05-11_23-50-48 [restartedMain] INFO  c.p.d.PensionDisbursementMicroserviceApplication - Starting PensionDisbursementMicroserviceApplication using Java 18 on DESKTOP-DAC986Q with PID 11748 (C:\Users\Elcot\Downloads\Pension-Management-System\PensionDisbursement-Microservice\target\classes started by Elcot in C:\Users\Elcot\Downloads\Pension-Management-System\PensionDisbursement-Microservice)
2022-05-11_23-50-48 [restartedMain] INFO  c.p.d.PensionDisbursementMicroserviceApplication - No active profile set, falling back to default profiles: default
2022-05-11_23-50-48 [background-preinit] INFO  o.h.validator.internal.util.Version - HV000001: Hibernate Validator 6.1.7.Final
2022-05-11_23-50-48 [restartedMain] INFO  o.s.b.d.e.DevToolsPropertyDefaultsPostProcessor - Devtools property defaults active! Set 'spring.devtools.add-properties' to 'false' to disable
2022-05-11_23-50-48 [restartedMain] INFO  o.s.b.d.e.DevToolsPropertyDefaultsPostProcessor - For additional web related logging consider setting the 'logging.level.web' property to 'DEBUG'
2022-05-11_23-50-48 [restartedMain] INFO  o.s.cloud.context.scope.GenericScope - BeanFactory id=310722e4-52e9-3b1a-8fc2-d9d214c0f21d
2022-05-11_23-50-48 [restartedMain] INFO  o.s.c.s.PostProcessorRegistrationDelegate$BeanPostProcessorChecker - Bean 'com.pension.disbursement.feignclient.AuthorisingClient' of type [org.springframework.cloud.openfeign.FeignClientFactoryBean] is not eligible for getting processed by all BeanPostProcessors (for example: not eligible for auto-proxying)
2022-05-11_23-50-48 [restartedMain] INFO  o.s.c.s.PostProcessorRegistrationDelegate$BeanPostProcessorChecker - Bean 'com.pension.disbursement.feignclient.PensionDisbursementFeignClient' of type [org.springframework.cloud.openfeign.FeignClientFactoryBean] is not eligible for getting processed by all BeanPostProcessors (for example: not eligible for auto-proxying)
2022-05-11_23-50-48 [restartedMain] INFO  o.s.b.w.e.tomcat.TomcatWebServer - Tomcat initialized with port(s): 7000 (http)
2022-05-11_23-50-48 [restartedMain] INFO  o.a.coyote.http11.Http11NioProtocol - Initializing ProtocolHandler ["http-nio-7000"]
2022-05-11_23-50-48 [restartedMain] INFO  o.a.catalina.core.StandardService - Starting service [Tomcat]
2022-05-11_23-50-48 [restartedMain] INFO  o.a.catalina.core.StandardEngine - Starting Servlet engine: [Apache Tomcat/9.0.41]
2022-05-11_23-50-48 [restartedMain] INFO  o.a.c.c.C.[.[.[/disbursement] - Initializing Spring embedded WebApplicationContext
2022-05-11_23-50-48 [restartedMain] INFO  o.s.b.w.s.c.ServletWebServerApplicationContext - Root WebApplicationContext: initialization completed in 14780 ms
2022-05-11_23-50-48 [restartedMain] INFO  o.s.b.a.e.web.EndpointLinksResolver - Exposing 2 endpoint(s) beneath base path '/actuator'
2022-05-11_23-50-48 [restartedMain] INFO  s.d.s.w.PropertySourcedRequestMappingHandlerMapping - Mapped URL path [/v2/api-docs] onto method [springfox.documentation.swagger2.web.Swagger2Controller#getDocumentation(String, HttpServletRequest)]
2022-05-11_23-50-48 [restartedMain] INFO  o.s.s.c.ThreadPoolTaskExecutor - Initializing ExecutorService 'applicationTaskExecutor'
2022-05-11_23-50-48 [restartedMain] INFO  o.a.coyote.http11.Http11NioProtocol - Starting ProtocolHandler ["http-nio-7000"]
2022-05-11_23-50-48 [restartedMain] INFO  o.s.b.w.e.tomcat.TomcatWebServer - Tomcat started on port(s): 7000 (http) with context path '/disbursement'
2022-05-11_23-50-48 [restartedMain] INFO  s.d.s.w.p.DocumentationPluginsBootstrapper - Context refreshed
2022-05-11_23-50-48 [restartedMain] INFO  s.d.s.w.p.DocumentationPluginsBootstrapper - Found 1 custom documentation plugin(s)
2022-05-11_23-50-48 [restartedMain] INFO  s.d.s.w.s.ApiListingReferenceScanner - Scanning for api listing references
2022-05-11_23-50-48 [restartedMain] INFO  s.d.s.w.r.o.CachingOperationNameGenerator - Generating unique operation named: handleUsingGET_1
2022-05-11_23-50-48 [restartedMain] INFO  s.d.s.w.r.o.CachingOperationNameGenerator - Generating unique operation named: handleUsingGET_2
2022-05-11_23-50-48 [restartedMain] INFO  c.p.d.PensionDisbursementMicroserviceApplication - Started PensionDisbursementMicroserviceApplication in 33.33 seconds (JVM running for 38.066)
