2022-05-10_00-01-14 [restartedMain] ERROR o.s.b.d.LoggingFailureAnalysisReporter - 

***************************
APPLICATION FAILED TO START
***************************

Description:

Web server failed to start. Port 8300 was already in use.

Action:

Identify and stop the process that's listening on port 8300 or configure this application to listen on another port.

2022-05-09_23-58-55 [http-nio-8300-exec-2] ERROR c.c.p.d.e.GlobalExceptionHandler - handles by handleFeignStatusException
2022-05-09_23-58-55 [http-nio-8300-exec-2] ERROR c.c.p.d.e.GlobalExceptionHandler - [404] during [GET] to [http://localhost:8200/pensioner/api/v1/PensionerDetailByAadhaar/320569431029] [PensionDisbursementFeignClient#getPensionerDetailByAadhaar(String,long)]: [{"timeStamp":"10-05-2022 12:04:21","status":"NOT_FOUND","message":"Aadhar Card Number is not Valid. Please check it and try again"}]
2022-05-10_20-53-05 [http-nio-8300-exec-2] ERROR c.c.p.d.e.GlobalExceptionHandler - handles by handleFeignStatusException
2022-05-10_20-53-05 [http-nio-8300-exec-2] ERROR c.c.p.d.e.GlobalExceptionHandler - [400] during [GET] to [http://localhost:8200/pensioner/api/PensionerDetailByAadhaar/420559429029] [PensionDisbursementFeignClient#getPensionerDetailByAadhaar(String,long)]: [{"timeStamp":"10-05-2022 09:07:03","status":"BAD_REQUEST","message":"[404] during [POST] to [http://localhost:8400/auth/api/v1/authorize] [AuthorisingClient#authorizeTheRequest(String)]: [{\"timestamp\":\"2022-05-10T15:37:03.369+00:00\",\"status\":404,\"error\":\"Not Found\",\"message\":\"No message available\",\"path\":\"/auth/api/v1/authorize\"}]"}]
2022-05-10_20-53-05 [http-nio-8300-exec-4] ERROR c.c.p.d.e.GlobalExceptionHandler - handles by handleFeignStatusException
2022-05-10_20-53-05 [http-nio-8300-exec-4] ERROR c.c.p.d.e.GlobalExceptionHandler - [400] during [GET] to [http://localhost:8200/pensioner/api/PensionerDetailByAadhaar/420559429029] [PensionDisbursementFeignClient#getPensionerDetailByAadhaar(String,long)]: [{"timeStamp":"10-05-2022 09:08:46","status":"BAD_REQUEST","message":"[404] during [POST] to [http://localhost:8400/auth/api/v1/authorize] [AuthorisingClient#authorizeTheRequest(String)]: [{\"timestamp\":\"2022-05-10T15:38:46.788+00:00\",\"status\":404,\"error\":\"Not Found\",\"message\":\"No message available\",\"path\":\"/auth/api/v1/authorize\"}]"}]
2022-05-10_20-53-05 [http-nio-8300-exec-5] ERROR c.c.p.d.e.GlobalExceptionHandler - handles by handleFeignStatusException
2022-05-10_20-53-05 [http-nio-8300-exec-5] ERROR c.c.p.d.e.GlobalExceptionHandler - [400] during [GET] to [http://localhost:8200/pensioner/api/PensionerDetailByAadhaar/420559429029] [PensionDisbursementFeignClient#getPensionerDetailByAadhaar(String,long)]: [{"timeStamp":"10-05-2022 09:12:06","status":"BAD_REQUEST","message":"[404] during [POST] to [http://localhost:8400/auth/api/v1/authorize] [AuthorisingClient#authorizeTheRequest(String)]: [{\"timestamp\":\"2022-05-10T15:42:06.873+00:00\",\"status\":404,\"error\":\"Not Found\",\"message\":\"No message available\",\"path\":\"/auth/api/v1/authorize\"}]"}]
2022-05-10_20-53-05 [http-nio-8300-exec-8] ERROR c.c.p.d.e.GlobalExceptionHandler - handles by handleFeignStatusException
2022-05-10_20-53-05 [http-nio-8300-exec-8] ERROR c.c.p.d.e.GlobalExceptionHandler - [400] during [GET] to [http://localhost:8200/pensioner/api/PensionerDetailByAadhaar/420559429029] [PensionDisbursementFeignClient#getPensionerDetailByAadhaar(String,long)]: [{"timeStamp":"10-05-2022 09:13:39","status":"BAD_REQUEST","message":"[404] during [POST] to [http://localhost:8400/auth/api/v1/authorize] [AuthorisingClient#authorizeTheRequest(String)]: [{\"timestamp\":\"2022-05-10T15:43:39.826+00:00\",\"status\":404,\"error\":\"Not Found\",\"message\":\"No message available\",\"path\":\"/auth/api/v1/authorize\"}]"}]
2022-05-10_20-53-05 [http-nio-8300-exec-10] ERROR c.c.p.d.e.GlobalExceptionHandler - handles by handleFeignStatusException
2022-05-10_20-53-05 [http-nio-8300-exec-10] ERROR c.c.p.d.e.GlobalExceptionHandler - [400] during [GET] to [http://localhost:8200/pensioner/api/PensionerDetailByAadhaar/420559429029] [PensionDisbursementFeignClient#getPensionerDetailByAadhaar(String,long)]: [{"timeStamp":"10-05-2022 09:14:07","status":"BAD_REQUEST","message":"[404] during [POST] to [http://localhost:8400/auth/api/v1/authorize] [AuthorisingClient#authorizeTheRequest(String)]: [{\"timestamp\":\"2022-05-10T15:44:07.591+00:00\",\"status\":404,\"error\":\"Not Found\",\"message\":\"No message available\",\"path\":\"/auth/api/v1/authorize\"}]"}]
2022-05-10_20-53-05 [http-nio-8300-exec-1] ERROR c.c.p.d.e.GlobalExceptionHandler - handles by handleFeignStatusException
2022-05-10_20-53-05 [http-nio-8300-exec-1] ERROR c.c.p.d.e.GlobalExceptionHandler - [400] during [GET] to [http://localhost:8200/pensioner/api/PensionerDetailByAadhaar/420559429029] [PensionDisbursementFeignClient#getPensionerDetailByAadhaar(String,long)]: [{"timeStamp":"10-05-2022 09:14:16","status":"BAD_REQUEST","message":"[404] during [POST] to [http://localhost:8400/auth/api/v1/authorize] [AuthorisingClient#authorizeTheRequest(String)]: [{\"timestamp\":\"2022-05-10T15:44:16.359+00:00\",\"status\":404,\"error\":\"Not Found\",\"message\":\"No message available\",\"path\":\"/auth/api/v1/authorize\"}]"}]
2022-05-10_20-53-05 [http-nio-8300-exec-4] ERROR c.c.p.d.e.GlobalExceptionHandler - handles by handleFeignStatusException
2022-05-10_20-53-05 [http-nio-8300-exec-4] ERROR c.c.p.d.e.GlobalExceptionHandler - [400] during [GET] to [http://localhost:8200/pensioner/api/PensionerDetailByAadhaar/420559429029] [PensionDisbursementFeignClient#getPensionerDetailByAadhaar(String,long)]: [{"timeStamp":"10-05-2022 09:14:44","status":"BAD_REQUEST","message":"[404] during [POST] to [http://localhost:8400/auth/api/v1/authorize] [AuthorisingClient#authorizeTheRequest(String)]: [{\"timestamp\":\"2022-05-10T15:44:44.092+00:00\",\"status\":404,\"error\":\"Not Found\",\"message\":\"No message available\",\"path\":\"/auth/api/v1/authorize\"}]"}]
2022-05-10_20-53-05 [http-nio-8300-exec-6] ERROR c.c.p.d.e.GlobalExceptionHandler - handles by handleFeignStatusException
2022-05-10_20-53-05 [http-nio-8300-exec-6] ERROR c.c.p.d.e.GlobalExceptionHandler - [400] during [GET] to [http://localhost:8200/pensioner/api/PensionerDetailByAadhaar/420559429029] [PensionDisbursementFeignClient#getPensionerDetailByAadhaar(String,long)]: [{"timeStamp":"10-05-2022 09:17:38","status":"BAD_REQUEST","message":"[404] during [POST] to [http://localhost:8400/auth/api/v1/authorize] [AuthorisingClient#authorizeTheRequest(String)]: [{\"timestamp\":\"2022-05-10T15:47:38.121+00:00\",\"status\":404,\"error\":\"Not Found\",\"message\":\"No message available\",\"path\":\"/auth/api/v1/authorize\"}]"}]
2022-05-10_21-33-06 [http-nio-8300-exec-2] ERROR c.c.p.d.e.GlobalExceptionHandler - Not allowed
